<?xml version="1.0" encoding="UTF-8"?>
<testng-results ignored="0" total="3" passed="3" failed="0" skipped="0">
  <reporter-output>
  </reporter-output>
  <suite started-at="2022-02-14T09:19:34 IST" name="Suite" finished-at="2022-02-14T09:20:21 IST" duration-ms="47249">
    <groups>
    </groups>
    <test started-at="2022-02-14T09:19:34 IST" name="Test" finished-at="2022-02-14T09:20:21 IST" duration-ms="47249">
      <class name="Com.Orange.testcases.LoginPageTest">
        <test-method is-config="true" signature="setup()[pri:0, instance:Com.Orange.testcases.LoginPageTest@7f485fda]" started-at="2022-02-14T09:19:34 IST" name="setup" finished-at="2022-02-14T09:19:43 IST" duration-ms="9007" status="PASS">
          <reporter-output>
          </reporter-output>
        </test-method> <!-- setup -->
        <test-method signature="verifylogo()[pri:1, instance:Com.Orange.testcases.LoginPageTest@7f485fda]" started-at="2022-02-14T09:19:43 IST" name="verifylogo" finished-at="2022-02-14T09:19:43 IST" duration-ms="132" status="PASS">
          <reporter-output>
          </reporter-output>
        </test-method> <!-- verifylogo -->
        <test-method is-config="true" signature="teardown()[pri:0, instance:Com.Orange.testcases.LoginPageTest@7f485fda]" started-at="2022-02-14T09:19:43 IST" name="teardown" finished-at="2022-02-14T09:19:43 IST" duration-ms="98" status="PASS">
          <reporter-output>
          </reporter-output>
        </test-method> <!-- teardown -->
        <test-method is-config="true" signature="setup()[pri:0, instance:Com.Orange.testcases.LoginPageTest@7f485fda]" started-at="2022-02-14T09:19:43 IST" name="setup" finished-at="2022-02-14T09:19:51 IST" duration-ms="7844" status="PASS">
          <reporter-output>
          </reporter-output>
        </test-method> <!-- setup -->
        <test-method signature="loginTest()[pri:2, instance:Com.Orange.testcases.LoginPageTest@7f485fda]" started-at="2022-02-14T09:19:51 IST" name="loginTest" finished-at="2022-02-14T09:19:59 IST" duration-ms="7662" status="PASS">
          <reporter-output>
          </reporter-output>
        </test-method> <!-- loginTest -->
        <test-method is-config="true" signature="teardown()[pri:0, instance:Com.Orange.testcases.LoginPageTest@7f485fda]" started-at="2022-02-14T09:19:59 IST" name="teardown" finished-at="2022-02-14T09:19:59 IST" duration-ms="109" status="PASS">
          <reporter-output>
          </reporter-output>
        </test-method> <!-- teardown -->
      </class> <!-- Com.Orange.testcases.LoginPageTest -->
      <class name="Com.Orange.testcases.HomePageTest">
        <test-method is-config="true" signature="setup()[pri:0, instance:Com.Orange.testcases.HomePageTest@24569dba]" started-at="2022-02-14T09:19:59 IST" name="setup" finished-at="2022-02-14T09:20:07 IST" duration-ms="7941" status="PASS">
          <reporter-output>
          </reporter-output>
        </test-method> <!-- setup -->
        <test-method signature="admintabTest()[pri:3, instance:Com.Orange.testcases.HomePageTest@24569dba]" started-at="2022-02-14T09:20:07 IST" name="admintabTest" finished-at="2022-02-14T09:20:21 IST" duration-ms="14183" status="PASS">
          <reporter-output>
          </reporter-output>
        </test-method> <!-- admintabTest -->
        <test-method is-config="true" signature="teardown()[pri:0, instance:Com.Orange.testcases.HomePageTest@24569dba]" started-at="2022-02-14T09:20:21 IST" name="teardown" finished-at="2022-02-14T09:20:21 IST" duration-ms="219" status="PASS">
          <reporter-output>
          </reporter-output>
        </test-method> <!-- teardown -->
      </class> <!-- Com.Orange.testcases.HomePageTest -->
    </test> <!-- Test -->
  </suite> <!-- Suite -->
</testng-results>
