<?xml version="1.0" encoding="UTF-8"?>
<!-- Generated by org.testng.reporters.JUnitXMLReporter -->
<testsuite ignored="0" hostname="inbl01lap7154" failures="0" tests="1" name="Test" time="0.043" errors="0" timestamp="12 Feb 2022 07:31:07 GMT">
  <testcase classname="TestCases.LoginPageTestCases" name="@BeforeMethod SSSetUp" time="0.007">
    <failure type="java.lang.NullPointerException" message="Cannot invoke &amp;quot;org.openqa.selenium.WebDriver.manage()&amp;quot; because &amp;quot;BasePackage.Base.driver&amp;quot; is null">
      <![CDATA[java.lang.NullPointerException: Cannot invoke "org.openqa.selenium.WebDriver.manage()" because "BasePackage.Base.driver" is null
at BasePackage.Base.initialization(Base.java:49)
at TestCases.LoginPageTestCases.SSSetUp(LoginPageTestCases.java:27)
... Removed 28 stack frames]]>
    </failure>
  </testcase> <!-- @BeforeMethod SSSetUp -->
  <testcase classname="TestCases.LoginPageTestCases" name="validateLoginnnn" time="0.0">
    <skipped/>
  </testcase> <!-- validateLoginnnn -->
</testsuite> <!-- Test -->
