<?xml version="1.0" encoding="UTF-8"?>
<!-- Generated by org.testng.reporters.JUnitXMLReporter -->
<testsuite ignored="0" hostname="inbl01lap7026" failures="0" tests="3" name="Test" time="47.249" errors="0" timestamp="2022-02-14T09:20:21 IST">
  <testcase classname="Com.Orange.testcases.LoginPageTest" name="verifylogo" time="0.132"/>
  <testcase classname="Com.Orange.testcases.LoginPageTest" name="loginTest" time="7.662"/>
  <testcase classname="Com.Orange.testcases.HomePageTest" name="admintabTest" time="14.183"/>
</testsuite> <!-- Test -->
